C51 COMPILER V9.54   INT0                                                                  08/10/2022 12:46:46 PAGE 1   


C51 COMPILER V9.54, COMPILATION OF MODULE INT0
OBJECT MODULE PLACED IN .\Objects\Int0.obj
COMPILER INVOKED BY: C:\Keil_v5\C51\BIN\C51.EXE Int0.c ROM(COMPACT) OPTIMIZE(8,SPEED) BROWSE DEBUG OBJECTEXTEND PRINT(.\
                    -Listings\Int0.lst) TABS(3) OBJECT(.\Objects\Int0.obj)

line level    source

   1          #include <REGX52.H>
   2          
   3          
   4          void Int0_Init(void)
   5          {
   6   1         IT0=1;
   7   1         IE0=0;
   8   1         EX0=1;
   9   1         EA=1;
  10   1         PX0=1;
  11   1      }
  12          
  13          /*
  14          void Int0_Routine(void) interrupt 0
  15          {
  16             
  17          }
  18          */


MODULE INFORMATION:   STATIC OVERLAYABLE
   CODE SIZE        =     11    ----
   CONSTANT SIZE    =   ----    ----
   XDATA SIZE       =   ----    ----
   PDATA SIZE       =   ----    ----
   DATA SIZE        =   ----    ----
   IDATA SIZE       =   ----    ----
   BIT SIZE         =   ----    ----
END OF MODULE INFORMATION.


C51 COMPILATION COMPLETE.  0 WARNING(S),  0 ERROR(S)
