C51 COMPILER V9.54   MATRIXKEY                                                             08/09/2022 17:37:48 PAGE 1   


C51 COMPILER V9.54, COMPILATION OF MODULE MATRIXKEY
OBJECT MODULE PLACED IN .\Objects\MatrixKey.obj
COMPILER INVOKED BY: C:\Keil_v5\C51\BIN\C51.EXE MatrixKey.c OPTIMIZE(8,SPEED) BROWSE DEBUG OBJECTEXTEND PRINT(.\Listings
                    -\MatrixKey.lst) TABS(3) OBJECT(.\Objects\MatrixKey.obj)

line level    source

   1          #include <REGX52.H>
   2          #include "Delay1ms.h"
   3          
   4          unsigned char MatrixKey()
   5          {
   6   1         unsigned char KeyNum = 0;
   7   1         
   8   1         P1 = 0xFF;
   9   1         P1_3 = 0;
  10   1         if (P1_7 == 0) {Delay1ms(20); while(P1_7 == 0); Delay1ms(20); KeyNum = 1;}
  11   1         if (P1_6 == 0) {Delay1ms(20); while(P1_6 == 0); Delay1ms(20); KeyNum = 5;}
  12   1         if (P1_5 == 0) {Delay1ms(20); while(P1_5 == 0); Delay1ms(20); KeyNum = 9;}
  13   1         if (P1_4 == 0) {Delay1ms(20); while(P1_4 == 0); Delay1ms(20); KeyNum = 13;}
  14   1         
  15   1         P1 = 0xFF;
  16   1         P1_2 = 0;
  17   1         if (P1_7 == 0) {Delay1ms(20); while(P1_7 == 0); Delay1ms(20); KeyNum = 2;}
  18   1         if (P1_6 == 0) {Delay1ms(20); while(P1_6 == 0); Delay1ms(20); KeyNum = 6;}
  19   1         if (P1_5 == 0) {Delay1ms(20); while(P1_5 == 0); Delay1ms(20); KeyNum = 10;}
  20   1         if (P1_4 == 0) {Delay1ms(20); while(P1_4 == 0); Delay1ms(20); KeyNum = 14;}
  21   1         
  22   1         P1 = 0xFF;
  23   1         P1_1 = 0;
  24   1         if (P1_7 == 0) {Delay1ms(20); while(P1_7 == 0); Delay1ms(20); KeyNum = 3;}
  25   1         if (P1_6 == 0) {Delay1ms(20); while(P1_6 == 0); Delay1ms(20); KeyNum = 7;}
  26   1         if (P1_5 == 0) {Delay1ms(20); while(P1_5 == 0); Delay1ms(20); KeyNum = 11;}
  27   1         if (P1_4 == 0) {Delay1ms(20); while(P1_4 == 0); Delay1ms(20); KeyNum = 15;}
  28   1         
  29   1         P1 = 0xFF;
  30   1         P1_0 = 0;
  31   1         if (P1_7 == 0) {Delay1ms(20); while(P1_7 == 0); Delay1ms(20); KeyNum = 4;}
  32   1         if (P1_6 == 0) {Delay1ms(20); while(P1_6 == 0); Delay1ms(20); KeyNum = 8;}
  33   1         if (P1_5 == 0) {Delay1ms(20); while(P1_5 == 0); Delay1ms(20); KeyNum = 12;}
  34   1         if (P1_4 == 0) {Delay1ms(20); while(P1_4 == 0); Delay1ms(20); KeyNum = 16;}
  35   1         
  36   1         return KeyNum;
  37   1         
  38   1      }


MODULE INFORMATION:   STATIC OVERLAYABLE
   CODE SIZE        =    393    ----
   CONSTANT SIZE    =   ----    ----
   XDATA SIZE       =   ----    ----
   PDATA SIZE       =   ----    ----
   DATA SIZE        =   ----       1
   IDATA SIZE       =   ----    ----
   BIT SIZE         =   ----    ----
END OF MODULE INFORMATION.


C51 COMPILATION COMPLETE.  0 WARNING(S),  0 ERROR(S)
