C51 COMPILER V9.54   TIMER1                                                                08/09/2022 17:47:19 PAGE 1   


C51 COMPILER V9.54, COMPILATION OF MODULE TIMER1
OBJECT MODULE PLACED IN .\Objects\Timer1.obj
COMPILER INVOKED BY: C:\Keil_v5\C51\BIN\C51.EXE Timer1.c OPTIMIZE(8,SPEED) BROWSE DEBUG OBJECTEXTEND PRINT(.\Listings\Ti
                    -mer1.lst) TABS(3) OBJECT(.\Objects\Timer1.obj)

line level    source

   1          #include <REGX52.H>
   2          void Timer1_Init()
   3          {
   4   1      // TMOD = 0x01;
   5   1         TMOD &= 0xF1;
   6   1         TMOD |= 0x01;
   7   1         
   8   1         TF0 = 0;
   9   1         TR0 = 1;
  10   1      // TH0 = 64535 / 256;
  11   1      // TL0 = 64535 % 256 + 1;
  12   1         TH0 = 0xFC;
  13   1         TL0 = 0x18;
  14   1         
  15   1         ET0 = 1;
  16   1         EA = 1;
  17   1         PT0 = 0;
  18   1      }
  19          /*
  20          void Timer0_Routine() interrupt 1
  21          {
  22             static unsigned int Count = 0;
  23             TH0 = 0xFC;
  24             TL0 = 0x18;
  25             ++Count;
  26             if (Count >= 1000) {
  27                Count = 0;
  28                P2_0 = ~ P2_0;
  29             }
  30          }
  31          */


MODULE INFORMATION:   STATIC OVERLAYABLE
   CODE SIZE        =     23    ----
   CONSTANT SIZE    =   ----    ----
   XDATA SIZE       =   ----    ----
   PDATA SIZE       =   ----    ----
   DATA SIZE        =   ----    ----
   IDATA SIZE       =   ----    ----
   BIT SIZE         =   ----    ----
END OF MODULE INFORMATION.


C51 COMPILATION COMPLETE.  0 WARNING(S),  0 ERROR(S)
