C51 COMPILER V9.54   TIMER0                                                                08/10/2022 13:22:36 PAGE 1   


C51 COMPILER V9.54, COMPILATION OF MODULE TIMER0
OBJECT MODULE PLACED IN .\Objects\Timer0.obj
COMPILER INVOKED BY: C:\Keil_v5\C51\BIN\C51.EXE Timer0.c ROM(COMPACT) OPTIMIZE(8,SPEED) BROWSE DEBUG OBJECTEXTEND PRINT(
                    -.\Listings\Timer0.lst) TABS(3) OBJECT(.\Objects\Timer0.obj)

line level    source

   1          #include <REGX52.H>
   2          
   3          void Timer0_Init(void)
   4          {
   5   1         TMOD &= 0xF0;     //设置定时器模式
   6   1         TMOD |= 0x01;     //设置定时器模式
   7   1         TL0 = 0;    //设置定时初值
   8   1         TH0 = 0;    //设置定时初值
   9   1         TF0 = 0;    //清除TF0标志
  10   1         TR0 = 0;    //定时器0不计时
  11   1         PT0 = 1;
  12   1      }
  13          
  14          // 计数器设置数字
  15          void Timer0_SetCounter(unsigned int Value)
  16          {
  17   1         TH0=Value/256;
  18   1         TL0=Value%256;
  19   1      }
  20          
  21          // 计数器返回数字
  22          unsigned int Timer0_GetCounter(void)
  23          {
  24   1         return (TH0<<8)|TL0;
  25   1      }
  26          
  27          // 计数器开始
  28          void Timer0_Run(unsigned char Flag)
  29          {
  30   1         TR0=Flag;
  31   1      }


MODULE INFORMATION:   STATIC OVERLAYABLE
   CODE SIZE        =     44    ----
   CONSTANT SIZE    =   ----    ----
   XDATA SIZE       =   ----    ----
   PDATA SIZE       =   ----    ----
   DATA SIZE        =   ----    ----
   IDATA SIZE       =   ----    ----
   BIT SIZE         =   ----    ----
END OF MODULE INFORMATION.


C51 COMPILATION COMPLETE.  0 WARNING(S),  0 ERROR(S)
